Traceback (most recent call last):
  File "/home/zhuhe/HPE-with-Diffusion/main.py", line 31, in <module>
    opt = Logger.parse(args)
  File "/home/zhuhe/HPE-with-Diffusion/core/logger.py", line 35, in parse
    if args.debug:
AttributeError: 'Namespace' object has no attribute 'debug'
export CUDA_VISIBLE_DEVICES=1
wandb: ERROR api_key not configured (no-tty). call wandb.login(key=[your_api_key])
Traceback (most recent call last):
  File "/home/zhuhe/HPE-with-Diffusion/main.py", line 38, in <module>
    wandb.init(project=project_name, config=args, name=run_name)
  File "/home/zhuhe/.conda/envs/diffhpe/lib/python3.9/site-packages/wandb/sdk/wandb_init.py", line 1171, in init
    raise e
  File "/home/zhuhe/.conda/envs/diffhpe/lib/python3.9/site-packages/wandb/sdk/wandb_init.py", line 1148, in init
    wi.setup(kwargs)
  File "/home/zhuhe/.conda/envs/diffhpe/lib/python3.9/site-packages/wandb/sdk/wandb_init.py", line 289, in setup
    wandb_login._login(
  File "/home/zhuhe/.conda/envs/diffhpe/lib/python3.9/site-packages/wandb/sdk/wandb_login.py", line 298, in _login
    wlogin.prompt_api_key()
  File "/home/zhuhe/.conda/envs/diffhpe/lib/python3.9/site-packages/wandb/sdk/wandb_login.py", line 228, in prompt_api_key
    raise UsageError("api_key not configured (no-tty). call " + directive)
wandb.errors.UsageError: api_key not configured (no-tty). call wandb.login(key=[your_api_key])
export CUDA_VISIBLE_DEVICES=1
wandb: ERROR api_key not configured (no-tty). call wandb.login(key=[your_api_key])
Traceback (most recent call last):
  File "/home/zhuhe/HPE-with-Diffusion/main.py", line 38, in <module>
    wandb.init(project=project_name, config=args, name=run_name)
  File "/home/zhuhe/.conda/envs/diffhpe/lib/python3.9/site-packages/wandb/sdk/wandb_init.py", line 1171, in init
    raise e
  File "/home/zhuhe/.conda/envs/diffhpe/lib/python3.9/site-packages/wandb/sdk/wandb_init.py", line 1148, in init
    wi.setup(kwargs)
  File "/home/zhuhe/.conda/envs/diffhpe/lib/python3.9/site-packages/wandb/sdk/wandb_init.py", line 289, in setup
    wandb_login._login(
  File "/home/zhuhe/.conda/envs/diffhpe/lib/python3.9/site-packages/wandb/sdk/wandb_login.py", line 298, in _login
    wlogin.prompt_api_key()
  File "/home/zhuhe/.conda/envs/diffhpe/lib/python3.9/site-packages/wandb/sdk/wandb_login.py", line 228, in prompt_api_key
    raise UsageError("api_key not configured (no-tty). call " + directive)
wandb.errors.UsageError: api_key not configured (no-tty). call wandb.login(key=[your_api_key])
wandb: Currently logged in as: ada4321. Use `wandb login --relogin` to force relogin
wandb: wandb version 0.15.5 is available!  To upgrade, please run:
wandb:  $ pip install wandb --upgrade
wandb: Tracking run with wandb version 0.15.4
wandb: Run data is saved locally in /home/zhuhe/HPE-with-Diffusion/wandb/run-20230710_144055-mqgir0zw
wandb: Run `wandb offline` to turn off syncing.
wandb: Syncing run zesty-feather-1
wandb: ⭐️ View project at https://wandb.ai/ada4321/uncategorized
wandb: 🚀 View run at https://wandb.ai/ada4321/uncategorized/runs/mqgir0zw
23-07-10 14:40:57.429 - INFO:   name: sanitycheck
  phase: train
  gpu_ids: [1]
  path:[
    log: experiments/sanitycheck_230710_144053/logs
    checkpoint: experiments/sanitycheck_230710_144053/checkpoint
    resume_state: None
    json_dt: experiments/sanitycheck_230710_144053/./config/dt_val_results.json
    json_gt: experiments/sanitycheck_230710_144053/./config/gt_val_results.json
    experiments_root: experiments/sanitycheck_230710_144053
  ]
  datasets:[
    train:[
      type: Mscoco
      root: ./data/coco/
      img_prefix: train2017
      ann: annotations/person_keypoints_train2017.json
      aug:[
        flip: True
        rot_factor: 45
        scale_factor: 0.25
        num_joints_half_body: 3
        prob_half_body: 0.3
      ]
    ]
    val:[
      type: Mscoco
      root: ./data/coco/
      img_prefix: val2017
      ann: annotations/person_keypoints_val2017.json
      data_len: 3
    ]
    test:[
      type: Mscoco_det
      root: ./data/coco/
      img_prefix: val2017
      det_file: ./config/test_det_rcnn.json
      ann: annotations/person_keypoints_val2017.json
    ]
  ]
  data_preset:[
    type: simple
    sigma: 2
    num_joints: 17
    image_size: [256, 192]
    heatmap_size: [64, 48]
  ]
  model:[
    regressor:[
      num_layers: 50
    ]
    denoise_transformer:[
      dim: 2048
      num_time_embeds: 1
      num_image_embeds: 4
      num_pose_embeds: 1
      num_keypoints: 17
    ]
    diffusion:[
      condition_on_preds: True
    ]
    beta_schedule:[
      train:[
        schedule: linear
        n_timestep: 2000
        linear_start: 1e-06
        linear_end: 0.01
      ]
      val:[
        schedule: linear
        n_timestep: 2000
        linear_start: 1e-06
        linear_end: 0.01
      ]
    ]
  ]
  loss:[
    type: sanity_check
    regress: l1
  ]
  train:[
    batch_size: 32
    end_epoch: 270
    optimizer: adam
    lr: 0.001
    lr_factor: 0.1
    lr_step: [170, 200]
    val_freq: 1000
    save_checkpoint_freq: 5000
    print_freq: 200
    ema_scheduler:[
      step_start_ema: 5000
      update_ema_every: 1
      ema_decay: 0.9999
    ]
  ]
  test:[
    heatmap2coord: coord
    batch_size: 32
  ]
  wandb:[
    project_name: DiffHPE
    run_name: sanitycheck
  ]
  distributed: False

export CUDA_VISIBLE_DEVICES=1
Traceback (most recent call last):
  File "/home/zhuhe/HPE-with-Diffusion/main.py", line 58, in <module>
    train_dataset, val_dataset, test_dataset = build_datasets(opt['DATASET'], opt['DATA_PRESET'])
  File "/home/zhuhe/HPE-with-Diffusion/datasets/__init__.py", line 19, in build_datasets
    train_name = dataset_cfg['train']['type']
TypeError: 'NoneType' object is not subscriptable
wandb: Waiting for W&B process to finish... (failed 1). Press Control-C to abort syncing.
wandb: ERROR Error uploading "wandb-metadata.json": CommError, <Response [404]>
wandb: ERROR Error uploading "requirements.txt": CommError, <Response [404]>
wandb: ERROR Error uploading "config.yaml": CommError, <Response [404]>
wandb: ERROR Error uploading "output.log": CommError, <Response [404]>
wandb: ERROR Error uploading "conda-environment.yaml": CommError, <Response [404]>
wandb: ERROR Error uploading "wandb-summary.json": CommError, <Response [404]>
wandb: 🚀 View run zesty-feather-1 at: https://wandb.ai/ada4321/uncategorized/runs/mqgir0zw
wandb: Synced 6 W&B file(s), 0 media file(s), 0 artifact file(s) and 0 other file(s)
wandb: Find logs at: ./wandb/run-20230710_144055-mqgir0zw/logs
