wandb: Currently logged in as: ada4321. Use `wandb login --relogin` to force relogin
wandb: - Waiting for wandb.init()...wandb: \ Waiting for wandb.init()...wandb: wandb version 0.15.5 is available!  To upgrade, please run:
wandb:  $ pip install wandb --upgrade
wandb: Tracking run with wandb version 0.15.4
wandb: Run data is saved locally in /home/zhuhe/wandb/run-20230712_175656-7074jv78
wandb: Run `wandb offline` to turn off syncing.
wandb: Syncing run res_diff_plus
wandb: ⭐️ View project at https://wandb.ai/ada4321/DiffHPE
wandb: 🚀 View run at https://wandb.ai/ada4321/DiffHPE/runs/7074jv78
23-07-12 17:56:59.929 - INFO:   name: res_diff_plus
  phase: train
  gpu_ids: [0]
  path:[
    log: experiments/res_diff_plus_230712_175653/logs
    checkpoint: experiments/res_diff_plus_230712_175653/checkpoint
    resume_state: None
    json_dt: /home/zhuhe/HPE-with-Diffusion/config/dt_val_results/res_diff_plus
    json_gt: /home/zhuhe/HPE-with-Diffusion/config/gt_val_results/res_diff_plus
    experiments_root: experiments/res_diff_plus_230712_175653
  ]
  datasets:[
    train:[
      type: mscoco
      root: /home/zhuhe/HPE-with-Diffusion/data/coco/
      img_prefix: images/train2017
      ann: annotations/person_keypoints_train2017.json
      aug:[
        flip: True
        rot_factor: 45
        scale_factor: 0.25
        num_joints_half_body: 3
        prob_half_body: 0.3
      ]
    ]
    val:[
      type: mscoco
      root: /home/zhuhe/HPE-with-Diffusion/data/coco/
      img_prefix: images/val2017
      ann: annotations/person_keypoints_val2017.json
      data_len: 3
    ]
    test:[
      type: mscoco_det
      root: /home/zhuhe/HPE-with-Diffusion/data/coco/
      img_prefix: images/val2017
      det_file: /home/zhuhe/HPE-with-Diffusion/config/test_det_rcnn.json
      ann: annotations/person_keypoints_val2017.json
    ]
  ]
  data_preset:[
    type: simple
    sigma: 2
    num_joints: 17
    image_size: [256, 192]
    heatmap_size: [64, 48]
  ]
  model:[
    regressor:[
      num_layers: 50
    ]
    denoise_transformer:[
      dim: 2048
      num_time_embeds: 1
      num_image_embeds: 4
      num_pose_embeds: 1
      num_keypoints: 17
      casual_transformer:[
        depth: 12
        dim_head: 64
        heads: 12
        ff_mult: 4
        norm_out: True
        attn_dropout: 0.05
        ff_dropout: 0.05
        final_proj: True
        normformer: True
        rotary_emb: True
      ]
    ]
    diffusion:[
      condition_on_preds: True
    ]
    beta_schedule:[
      train:[
        schedule: linear
        n_timestep: 2000
        linear_start: 1e-06
        linear_end: 0.01
      ]
      val:[
        schedule: linear
        n_timestep: 2000
        linear_start: 1e-06
        linear_end: 0.01
      ]
    ]
  ]
  loss:[
    type: res_and_diff_plus
    regress: l1
    diffusion: l2
  ]
  train:[
    batch_size: 32
    end_epoch: 270
    optimizer: adam
    lr: 0.001
    lr_factor: 0.1
    lr_step: [170, 200]
    val_freq: 1000000.0
    save_checkpoint_freq: 10000.0
    print_freq: 200
    ema_scheduler:[
      step_start_ema: 5000
      update_ema_every: 1
      ema_decay: 0.9999
    ]
  ]
  test:[
    heatmap2coord: coord
    batch_size: 32
  ]
  wandb:[
    project_name: DiffHPE
    run_name: res_diff_plus
  ]
  distributed: False

wandb: ERROR Error uploading "wandb-metadata.json": CommError, <Response [404]>
23-07-12 17:57:10.198 - INFO: Initial Dataset Finished
/home/zhuhe/.conda/envs/diffhpe/lib/python3.9/site-packages/torchvision/models/_utils.py:208: UserWarning: The parameter 'pretrained' is deprecated since 0.13 and may be removed in the future, please use 'weights' instead.
  warnings.warn(
/home/zhuhe/.conda/envs/diffhpe/lib/python3.9/site-packages/torchvision/models/_utils.py:223: UserWarning: Arguments other than a weight enum or `None` for 'weights' are deprecated since 0.13 and may be removed in the future. The current behavior is equivalent to passing `weights=ResNet50_Weights.IMAGENET1K_V1`. You can also use `weights=ResNet50_Weights.DEFAULT` to get the most up-to-date weights.
  warnings.warn(msg)
23-07-12 17:57:17.626 - INFO: Network G structure: GaussianDiffusion, with parameters: 719,051,762
23-07-12 17:57:17.626 - INFO: GaussianDiffusion(
  (regressor): Regressor(
    (preact): ResNet(
      (conv1): Conv2d(3, 64, kernel_size=(7, 7), stride=(2, 2), padding=(3, 3), bias=False)
      (bn1): BatchNorm2d(64, eps=1e-05, momentum=0.1, affine=True, track_running_stats=True)
      (relu): ReLU(inplace=True)
      (maxpool): MaxPool2d(kernel_size=3, stride=2, padding=1, dilation=1, ceil_mode=False)
      (layer1): Sequential(
        (0): Bottleneck(
          (conv1): Conv2d(64, 64, kernel_size=(1, 1), stride=(1, 1), bias=False)
          (bn1): BatchNorm2d(64, eps=1e-05, momentum=0.1, affine=True, track_running_stats=True)
          (conv2): Conv2d(64, 64, kernel_size=(3, 3), stride=(1, 1), padding=(1, 1), bias=False)
          (bn2): BatchNorm2d(64, eps=1e-05, momentum=0.1, affine=True, track_running_stats=True)
          (conv3): Conv2d(64, 256, kernel_size=(1, 1), stride=(1, 1), bias=False)
          (bn3): BatchNorm2d(256, eps=1e-05, momentum=0.1, affine=True, track_running_stats=True)
          (downsample): Sequential(
            (0): Conv2d(64, 256, kernel_size=(1, 1), stride=(1, 1), bias=False)
            (1): BatchNorm2d(256, eps=1e-05, momentum=0.1, affine=True, track_running_stats=True)
          )
        )
        (1): Bottleneck(
          (conv1): Conv2d(256, 64, kernel_size=(1, 1), stride=(1, 1), bias=False)
          (bn1): BatchNorm2d(64, eps=1e-05, momentum=0.1, affine=True, track_running_stats=True)
          (conv2): Conv2d(64, 64, kernel_size=(3, 3), stride=(1, 1), padding=(1, 1), bias=False)
          (bn2): BatchNorm2d(64, eps=1e-05, momentum=0.1, affine=True, track_running_stats=True)
          (conv3): Conv2d(64, 256, kernel_size=(1, 1), stride=(1, 1), bias=False)
          (bn3): BatchNorm2d(256, eps=1e-05, momentum=0.1, affine=True, track_running_stats=True)
        )
        (2): Bottleneck(
          (conv1): Conv2d(256, 64, kernel_size=(1, 1), stride=(1, 1), bias=False)
          (bn1): BatchNorm2d(64, eps=1e-05, momentum=0.1, affine=True, track_running_stats=True)
          (conv2): Conv2d(64, 64, kernel_size=(3, 3), stride=(1, 1), padding=(1, 1), bias=False)
          (bn2): BatchNorm2d(64, eps=1e-05, momentum=0.1, affine=True, track_running_stats=True)
          (conv3): Conv2d(64, 256, kernel_size=(1, 1), stride=(1, 1), bias=False)
          (bn3): BatchNorm2d(256, eps=1e-05, momentum=0.1, affine=True, track_running_stats=True)
        )
      )
      (layer2): Sequential(
        (0): Bottleneck(
          (conv1): Conv2d(256, 128, kernel_size=(1, 1), stride=(1, 1), bias=False)
          (bn1): BatchNorm2d(128, eps=1e-05, momentum=0.1, affine=True, track_running_stats=True)
          (conv2): Conv2d(128, 128, kernel_size=(3, 3), stride=(2, 2), padding=(1, 1), bias=False)
          (bn2): BatchNorm2d(128, eps=1e-05, momentum=0.1, affine=True, track_running_stats=True)
          (conv3): Conv2d(128, 512, kernel_size=(1, 1), stride=(1, 1), bias=False)
          (bn3): BatchNorm2d(512, eps=1e-05, momentum=0.1, affine=True, track_running_stats=True)
          (downsample): Sequential(
            (0): Conv2d(256, 512, kernel_size=(1, 1), stride=(2, 2), bias=False)
            (1): BatchNorm2d(512, eps=1e-05, momentum=0.1, affine=True, track_running_stats=True)
          )
        )
        (1): Bottleneck(
          (conv1): Conv2d(512, 128, kernel_size=(1, 1), stride=(1, 1), bias=False)
          (bn1): BatchNorm2d(128, eps=1e-05, momentum=0.1, affine=True, track_running_stats=True)
          (conv2): Conv2d(128, 128, kernel_size=(3, 3), stride=(1, 1), padding=(1, 1), bias=False)
          (bn2): BatchNorm2d(128, eps=1e-05, momentum=0.1, affine=True, track_running_stats=True)
          (conv3): Conv2d(128, 512, kernel_size=(1, 1), stride=(1, 1), bias=False)
          (bn3): BatchNorm2d(512, eps=1e-05, momentum=0.1, affine=True, track_running_stats=True)
        )
        (2): Bottleneck(
          (conv1): Conv2d(512, 128, kernel_size=(1, 1), stride=(1, 1), bias=False)
          (bn1): BatchNorm2d(128, eps=1e-05, momentum=0.1, affine=True, track_running_stats=True)
          (conv2): Conv2d(128, 128, kernel_size=(3, 3), stride=(1, 1), padding=(1, 1), bias=False)
          (bn2): BatchNorm2d(128, eps=1e-05, momentum=0.1, affine=True, track_running_stats=True)
          (conv3): Conv2d(128, 512, kernel_size=(1, 1), stride=(1, 1), bias=False)
          (bn3): BatchNorm2d(512, eps=1e-05, momentum=0.1, affine=True, track_running_stats=True)
        )
        (3): Bottleneck(
          (conv1): Conv2d(512, 128, kernel_size=(1, 1), stride=(1, 1), bias=False)
          (bn1): BatchNorm2d(128, eps=1e-05, momentum=0.1, affine=True, track_running_stats=True)
          (conv2): Conv2d(128, 128, kernel_size=(3, 3), stride=(1, 1), padding=(1, 1), bias=False)
          (bn2): BatchNorm2d(128, eps=1e-05, momentum=0.1, affine=True, track_running_stats=True)
          (conv3): Conv2d(128, 512, kernel_size=(1, 1), stride=(1, 1), bias=False)
          (bn3): BatchNorm2d(512, eps=1e-05, momentum=0.1, affine=True, track_running_stats=True)
        )
      )
      (layer3): Sequential(
        (0): Bottleneck(
          (conv1): Conv2d(512, 256, kernel_size=(1, 1), stride=(1, 1), bias=False)
          (bn1): BatchNorm2d(256, eps=1e-05, momentum=0.1, affine=True, track_running_stats=True)
          (conv2): Conv2d(256, 256, kernel_size=(3, 3), stride=(2, 2), padding=(1, 1), bias=False)
          (bn2): BatchNorm2d(256, eps=1e-05, momentum=0.1, affine=True, track_running_stats=True)
          (conv3): Conv2d(256, 1024, kernel_size=(1, 1), stride=(1, 1), bias=False)
          (bn3): BatchNorm2d(1024, eps=1e-05, momentum=0.1, affine=True, track_running_stats=True)
          (downsample): Sequential(
            (0): Conv2d(512, 1024, kernel_size=(1, 1), stride=(2, 2), bias=False)
            (1): BatchNorm2d(1024, eps=1e-05, momentum=0.1, affine=True, track_running_stats=True)
          )
        )
        (1): Bottleneck(
          (conv1): Conv2d(1024, 256, kernel_size=(1, 1), stride=(1, 1), bias=False)
          (bn1): BatchNorm2d(256, eps=1e-05, momentum=0.1, affine=True, track_running_stats=True)
          (conv2): Conv2d(256, 256, kernel_size=(3, 3), stride=(1, 1), padding=(1, 1), bias=False)
          (bn2): BatchNorm2d(256, eps=1e-05, momentum=0.1, affine=True, track_running_stats=True)
          (conv3): Conv2d(256, 1024, kernel_size=(1, 1), stride=(1, 1), bias=False)
          (bn3): BatchNorm2d(1024, eps=1e-05, momentum=0.1, affine=True, track_running_stats=True)
        )
        (2): Bottleneck(
          (conv1): Conv2d(1024, 256, kernel_size=(1, 1), stride=(1, 1), bias=False)
          (bn1): BatchNorm2d(256, eps=1e-05, momentum=0.1, affine=True, track_running_stats=True)
          (conv2): Conv2d(256, 256, kernel_size=(3, 3), stride=(1, 1), padding=(1, 1), bias=False)
          (bn2): BatchNorm2d(256, eps=1e-05, momentum=0.1, affine=True, track_running_stats=True)
          (conv3): Conv2d(256, 1024, kernel_size=(1, 1), stride=(1, 1), bias=False)
          (bn3): BatchNorm2d(1024, eps=1e-05, momentum=0.1, affine=True, track_running_stats=True)
        )
        (3): Bottleneck(
          (conv1): Conv2d(1024, 256, kernel_size=(1, 1), stride=(1, 1), bias=False)
          (bn1): BatchNorm2d(256, eps=1e-05, momentum=0.1, affine=True, track_running_stats=True)
          (conv2): Conv2d(256, 256, kernel_size=(3, 3), stride=(1, 1), padding=(1, 1), bias=False)
          (bn2): BatchNorm2d(256, eps=1e-05, momentum=0.1, affine=True, track_running_stats=True)
          (conv3): Conv2d(256, 1024, kernel_size=(1, 1), stride=(1, 1), bias=False)
          (bn3): BatchNorm2d(1024, eps=1e-05, momentum=0.1, affine=True, track_running_stats=True)
        )
        (4): Bottleneck(
          (conv1): Conv2d(1024, 256, kernel_size=(1, 1), stride=(1, 1), bias=False)
          (bn1): BatchNorm2d(256, eps=1e-05, momentum=0.1, affine=True, track_running_stats=True)
          (conv2): Conv2d(256, 256, kernel_size=(3, 3), stride=(1, 1), padding=(1, 1), bias=False)
          (bn2): BatchNorm2d(256, eps=1e-05, momentum=0.1, affine=True, track_running_stats=True)
          (conv3): Conv2d(256, 1024, kernel_size=(1, 1), stride=(1, 1), bias=False)
          (bn3): BatchNorm2d(1024, eps=1e-05, momentum=0.1, affine=True, track_running_stats=True)
        )
        (5): Bottleneck(
          (conv1): Conv2d(1024, 256, kernel_size=(1, 1), stride=(1, 1), bias=False)
          (bn1): BatchNorm2d(256, eps=1e-05, momentum=0.1, affine=True, track_running_stats=True)
          (conv2): Conv2d(256, 256, kernel_size=(3, 3), stride=(1, 1), padding=(1, 1), bias=False)
          (bn2): BatchNorm2d(256, eps=1e-05, momentum=0.1, affine=True, track_running_stats=True)
          (conv3): Conv2d(256, 1024, kernel_size=(1, 1), stride=(1, 1), bias=False)
          (bn3): BatchNorm2d(1024, eps=1e-05, momentum=0.1, affine=True, track_running_stats=True)
        )
      )
      (layer4): Sequential(
        (0): Bottleneck(
          (conv1): Conv2d(1024, 512, kernel_size=(1, 1), stride=(1, 1), bias=False)
          (bn1): BatchNorm2d(512, eps=1e-05, momentum=0.1, affine=True, track_running_stats=True)
          (conv2): Conv2d(512, 512, kernel_size=(3, 3), stride=(2, 2), padding=(1, 1), bias=False)
          (bn2): BatchNorm2d(512, eps=1e-05, momentum=0.1, affine=True, track_running_stats=True)
          (conv3): Conv2d(512, 2048, kernel_size=(1, 1), stride=(1, 1), bias=False)
          (bn3): BatchNorm2d(2048, eps=1e-05, momentum=0.1, affine=True, track_running_stats=True)
          (downsample): Sequential(
            (0): Conv2d(1024, 2048, kernel_size=(1, 1), stride=(2, 2), bias=False)
            (1): BatchNorm2d(2048, eps=1e-05, momentum=0.1, affine=True, track_running_stats=True)
          )
        )
        (1): Bottleneck(
          (conv1): Conv2d(2048, 512, kernel_size=(1, 1), stride=(1, 1), bias=False)
          (bn1): BatchNorm2d(512, eps=1e-05, momentum=0.1, affine=True, track_running_stats=True)
          (conv2): Conv2d(512, 512, kernel_size=(3, 3), stride=(1, 1), padding=(1, 1), bias=False)
          (bn2): BatchNorm2d(512, eps=1e-05, momentum=0.1, affine=True, track_running_stats=True)
          (conv3): Conv2d(512, 2048, kernel_size=(1, 1), stride=(1, 1), bias=False)
          (bn3): BatchNorm2d(2048, eps=1e-05, momentum=0.1, affine=True, track_running_stats=True)
        )
        (2): Bottleneck(
          (conv1): Conv2d(2048, 512, kernel_size=(1, 1), stride=(1, 1), bias=False)
          (bn1): BatchNorm2d(512, eps=1e-05, momentum=0.1, affine=True, track_running_stats=True)
          (conv2): Conv2d(512, 512, kernel_size=(3, 3), stride=(1, 1), padding=(1, 1), bias=False)
          (bn2): BatchNorm2d(512, eps=1e-05, momentum=0.1, affine=True, track_running_stats=True)
          (conv3): Conv2d(512, 2048, kernel_size=(1, 1), stride=(1, 1), bias=False)
          (bn3): BatchNorm2d(2048, eps=1e-05, momentum=0.1, affine=True, track_running_stats=True)
        )
      )
    )
    (avg_pool): AdaptiveAvgPool2d(output_size=1)
    (fc_layer): Linear(
      (linear): Linear(in_features=2048, out_features=34, bias=True)
    )
  )
  (denoise_fn): DenoiseTransformer(
    (to_time_embeds): Sequential(
      (0): PositionalEncoding()
      (1): Linear(in_features=2048, out_features=4096, bias=True)
      (2): Swish()
      (3): Linear(in_features=4096, out_features=2048, bias=True)
      (4): Rearrange('b c (h w) -> b c h w', h=1)
      (5): Rearrange('b c h w -> b (c h) w')
    )
    (to_image_embeds): Sequential(
      (0): Linear(in_features=2048, out_features=8192, bias=True)
      (1): Rearrange('b (n d) -> b n d', n=4)
    )
    (to_pose_embeds): Sequential(
      (0): PositionalEncoding()
      (1): Linear(in_features=2048, out_features=4096, bias=True)
      (2): Swish()
      (3): Linear(in_features=4096, out_features=2048, bias=True)
      (4): Rearrange('b c (h w) -> b c h w', h=1)
      (5): Rearrange('b c h w -> b (c h) w')
    )
    (causal_transformer): CausalTransformer(
      (init_norm): Identity()
      (rel_pos_bias): RelPosBias(
        (relative_attention_bias): Embedding(32, 12)
      )
      (layers): ModuleList(
        (0): ModuleList(
          (0): Attention(
            (norm): LayerNorm()
            (dropout): Dropout(p=0.05, inplace=False)
            (to_q): Linear(in_features=2048, out_features=768, bias=False)
            (to_kv): Linear(in_features=2048, out_features=128, bias=False)
            (rotary_emb): RotaryEmbedding()
            (to_out): Sequential(
              (0): Linear(in_features=768, out_features=2048, bias=False)
              (1): LayerNorm()
            )
          )
          (1): Sequential(
            (0): LayerNorm()
            (1): Linear(in_features=2048, out_features=16384, bias=False)
            (2): SwiGLU()
            (3): LayerNorm()
            (4): Dropout(p=0.05, inplace=False)
            (5): Linear(in_features=8192, out_features=2048, bias=False)
          )
        )
        (1): ModuleList(
          (0): Attention(
            (norm): LayerNorm()
            (dropout): Dropout(p=0.05, inplace=False)
            (to_q): Linear(in_features=2048, out_features=768, bias=False)
            (to_kv): Linear(in_features=2048, out_features=128, bias=False)
            (rotary_emb): RotaryEmbedding()
            (to_out): Sequential(
              (0): Linear(in_features=768, out_features=2048, bias=False)
              (1): LayerNorm()
            )
          )
          (1): Sequential(
            (0): LayerNorm()
            (1): Linear(in_features=2048, out_features=16384, bias=False)
            (2): SwiGLU()
            (3): LayerNorm()
            (4): Dropout(p=0.05, inplace=False)
            (5): Linear(in_features=8192, out_features=2048, bias=False)
          )
        )
        (2): ModuleList(
          (0): Attention(
            (norm): LayerNorm()
            (dropout): Dropout(p=0.05, inplace=False)
            (to_q): Linear(in_features=2048, out_features=768, bias=False)
            (to_kv): Linear(in_features=2048, out_features=128, bias=False)
            (rotary_emb): RotaryEmbedding()
            (to_out): Sequential(
              (0): Linear(in_features=768, out_features=2048, bias=False)
              (1): LayerNorm()
            )
          )
          (1): Sequential(
            (0): LayerNorm()
            (1): Linear(in_features=2048, out_features=16384, bias=False)
            (2): SwiGLU()
            (3): LayerNorm()
            (4): Dropout(p=0.05, inplace=False)
            (5): Linear(in_features=8192, out_features=2048, bias=False)
          )
        )
        (3): ModuleList(
          (0): Attention(
            (norm): LayerNorm()
            (dropout): Dropout(p=0.05, inplace=False)
            (to_q): Linear(in_features=2048, out_features=768, bias=False)
            (to_kv): Linear(in_features=2048, out_features=128, bias=False)
            (rotary_emb): RotaryEmbedding()
            (to_out): Sequential(
              (0): Linear(in_features=768, out_features=2048, bias=False)
              (1): LayerNorm()
            )
          )
          (1): Sequential(
            (0): LayerNorm()
            (1): Linear(in_features=2048, out_features=16384, bias=False)
            (2): SwiGLU()
            (3): LayerNorm()
            (4): Dropout(p=0.05, inplace=False)
            (5): Linear(in_features=8192, out_features=2048, bias=False)
          )
        )
        (4): ModuleList(
          (0): Attention(
            (norm): LayerNorm()
            (dropout): Dropout(p=0.05, inplace=False)
            (to_q): Linear(in_features=2048, out_features=768, bias=False)
            (to_kv): Linear(in_features=2048, out_features=128, bias=False)
            (rotary_emb): RotaryEmbedding()
            (to_out): Sequential(
              (0): Linear(in_features=768, out_features=2048, bias=False)
              (1): LayerNorm()
            )
          )
          (1): Sequential(
            (0): LayerNorm()
            (1): Linear(in_features=2048, out_features=16384, bias=False)
            (2): SwiGLU()
            (3): LayerNorm()
            (4): Dropout(p=0.05, inplace=False)
            (5): Linear(in_features=8192, out_features=2048, bias=False)
          )
        )
        (5): ModuleList(
          (0): Attention(
            (norm): LayerNorm()
            (dropout): Dropout(p=0.05, inplace=False)
            (to_q): Linear(in_features=2048, out_features=768, bias=False)
            (to_kv): Linear(in_features=2048, out_features=128, bias=False)
            (rotary_emb): RotaryEmbedding()
            (to_out): Sequential(
              (0): Linear(in_features=768, out_features=2048, bias=False)
              (1): LayerNorm()
            )
          )
          (1): Sequential(
            (0): LayerNorm()
            (1): Linear(in_features=2048, out_features=16384, bias=False)
            (2): SwiGLU()
            (3): LayerNorm()
            (4): Dropout(p=0.05, inplace=False)
            (5): Linear(in_features=8192, out_features=2048, bias=False)
          )
        )
        (6): ModuleList(
          (0): Attention(
            (norm): LayerNorm()
            (dropout): Dropout(p=0.05, inplace=False)
            (to_q): Linear(in_features=2048, out_features=768, bias=False)
            (to_kv): Linear(in_features=2048, out_features=128, bias=False)
            (rotary_emb): RotaryEmbedding()
            (to_out): Sequential(
              (0): Linear(in_features=768, out_features=2048, bias=False)
              (1): LayerNorm()
            )
          )
          (1): Sequential(
            (0): LayerNorm()
            (1): Linear(in_features=2048, out_features=16384, bias=False)
            (2): SwiGLU()
            (3): LayerNorm()
            (4): Dropout(p=0.05, inplace=False)
            (5): Linear(in_features=8192, out_features=2048, bias=False)
          )
        )
        (7): ModuleList(
          (0): Attention(
            (norm): LayerNorm()
            (dropout): Dropout(p=0.05, inplace=False)
            (to_q): Linear(in_features=2048, out_features=768, bias=False)
            (to_kv): Linear(in_features=2048, out_features=128, bias=False)
            (rotary_emb): RotaryEmbedding()
            (to_out): Sequential(
              (0): Linear(in_features=768, out_features=2048, bias=False)
              (1): LayerNorm()
            )
          )
          (1): Sequential(
            (0): LayerNorm()
            (1): Linear(in_features=2048, out_features=16384, bias=False)
            (2): SwiGLU()
            (3): LayerNorm()
            (4): Dropout(p=0.05, inplace=False)
            (5): Linear(in_features=8192, out_features=2048, bias=False)
          )
        )
        (8): ModuleList(
          (0): Attention(
            (norm): LayerNorm()
            (dropout): Dropout(p=0.05, inplace=False)
            (to_q): Linear(in_features=2048, out_features=768, bias=False)
            (to_kv): Linear(in_features=2048, out_features=128, bias=False)
            (rotary_emb): RotaryEmbedding()
            (to_out): Sequential(
              (0): Linear(in_features=768, out_features=2048, bias=False)
              (1): LayerNorm()
            )
          )
          (1): Sequential(
            (0): LayerNorm()
            (1): Linear(in_features=2048, out_features=16384, bias=False)
            (2): SwiGLU()
            (3): LayerNorm()
            (4): Dropout(p=0.05, inplace=False)
            (5): Linear(in_features=8192, out_features=2048, bias=False)
          )
        )
        (9): ModuleList(
          (0): Attention(
            (norm): LayerNorm()
            (dropout): Dropout(p=0.05, inplace=False)
            (to_q): Linear(in_features=2048, out_features=768, bias=False)
            (to_kv): Linear(in_features=2048, out_features=128, bias=False)
            (rotary_emb): RotaryEmbedding()
            (to_out): Sequential(
              (0): Linear(in_features=768, out_features=2048, bias=False)
              (1): LayerNorm()
            )
          )
          (1): Sequential(
            (0): LayerNorm()
            (1): Linear(in_features=2048, out_features=16384, bias=False)
            (2): SwiGLU()
            (3): LayerNorm()
            (4): Dropout(p=0.05, inplace=False)
            (5): Linear(in_features=8192, out_features=2048, bias=False)
          )
        )
        (10): ModuleList(
          (0): Attention(
            (norm): LayerNorm()
            (dropout): Dropout(p=0.05, inplace=False)
            (to_q): Linear(in_features=2048, out_features=768, bias=False)
            (to_kv): Linear(in_features=2048, out_features=128, bias=False)
            (rotary_emb): RotaryEmbedding()
            (to_out): Sequential(
              (0): Linear(in_features=768, out_features=2048, bias=False)
              (1): LayerNorm()
            )
          )
          (1): Sequential(
            (0): LayerNorm()
            (1): Linear(in_features=2048, out_features=16384, bias=False)
            (2): SwiGLU()
            (3): LayerNorm()
            (4): Dropout(p=0.05, inplace=False)
            (5): Linear(in_features=8192, out_features=2048, bias=False)
          )
        )
        (11): ModuleList(
          (0): Attention(
            (norm): LayerNorm()
            (dropout): Dropout(p=0.05, inplace=False)
            (to_q): Linear(in_features=2048, out_features=768, bias=False)
            (to_kv): Linear(in_features=2048, out_features=128, bias=False)
            (rotary_emb): RotaryEmbedding()
            (to_out): Sequential(
              (0): Linear(in_features=768, out_features=2048, bias=False)
              (1): LayerNorm()
            )
          )
          (1): Sequential(
            (0): LayerNorm()
            (1): Linear(in_features=2048, out_features=16384, bias=False)
            (2): SwiGLU()
            (3): LayerNorm()
            (4): Dropout(p=0.05, inplace=False)
            (5): Linear(in_features=8192, out_features=2048, bias=False)
          )
        )
      )
      (norm): LayerNorm()
      (project_out): Linear(in_features=2048, out_features=34, bias=False)
    )
  )
  (loss_fn): ResDiffPlus(
    (res_loss_fn): L1Loss()
    (diff_loss_fn): MSELoss()
  )
)
23-07-12 17:57:17.626 - INFO: Model [DDPM] is created.
23-07-12 17:57:17.626 - INFO: Initial Model Finished
23-07-12 17:57:17.626 - INFO: Starting training from epoch: 0, iter: 0.
23-07-12 17:57:44.359 - INFO: <epoch:  0, iter:       0>
 reg_loss: 3.5966e+04 diff_loss: 1.3903e+03 loss: 3.7356e+04 
23-07-12 17:57:44.360 - INFO: Saving models and training states.
23-07-12 17:57:58.176 - INFO: Saved model in [experiments/res_diff_plus_230712_175653/checkpoint/I0_E0_gen.pth] ...
export CUDA_VISIBLE_DEVICES=0
loading annotations into memory...
Done (t=3.98s)
creating index...
index created!
loading annotations into memory...
Done (t=0.12s)
creating index...
index created!
Traceback (most recent call last):
  File "/home/zhuhe/HPE-with-Diffusion/main.py", line 102, in <module>
    diffusion.optimize_parameters()
  File "/home/zhuhe/HPE-with-Diffusion/model/model.py", line 69, in optimize_parameters
    losses = self.netG(self.data['images'], self.data['gt_kps'])
  File "/home/zhuhe/.conda/envs/diffhpe/lib/python3.9/site-packages/torch/nn/modules/module.py", line 1194, in _call_impl
    return forward_call(*input, **kwargs)
  File "/home/zhuhe/HPE-with-Diffusion/model/diffusion_modules/diffusion.py", line 290, in forward
    pred_noise, gt_noise, res_recon = self.diffuse(x_in=x_in)
  File "/home/zhuhe/HPE-with-Diffusion/model/diffusion_modules/diffusion.py", line 268, in diffuse
    x_recon = self.denoise_fn(
  File "/home/zhuhe/.conda/envs/diffhpe/lib/python3.9/site-packages/torch/nn/modules/module.py", line 1194, in _call_impl
    return forward_call(*input, **kwargs)
  File "/home/zhuhe/HPE-with-Diffusion/model/diffusion_modules/denoise_transformer.py", line 338, in forward
    pred_res = self.causal_transformer(tokens)  # pred_pose should be the same size as input x
  File "/home/zhuhe/.conda/envs/diffhpe/lib/python3.9/site-packages/torch/nn/modules/module.py", line 1194, in _call_impl
    return forward_call(*input, **kwargs)
  File "/home/zhuhe/HPE-with-Diffusion/model/diffusion_modules/denoise_transformer.py", line 240, in forward
    x = ff(x) + x
  File "/home/zhuhe/.conda/envs/diffhpe/lib/python3.9/site-packages/torch/nn/modules/module.py", line 1194, in _call_impl
    return forward_call(*input, **kwargs)
  File "/home/zhuhe/.conda/envs/diffhpe/lib/python3.9/site-packages/torch/nn/modules/container.py", line 204, in forward
    input = module(input)
  File "/home/zhuhe/.conda/envs/diffhpe/lib/python3.9/site-packages/torch/nn/modules/module.py", line 1194, in _call_impl
    return forward_call(*input, **kwargs)
  File "/home/zhuhe/.conda/envs/diffhpe/lib/python3.9/site-packages/torch/nn/modules/linear.py", line 114, in forward
    return F.linear(input, self.weight, self.bias)
torch.cuda.OutOfMemoryError: CUDA out of memory. Tried to allocate 148.00 MiB (GPU 0; 23.68 GiB total capacity; 16.69 GiB already allocated; 13.94 MiB free; 16.91 GiB reserved in total by PyTorch) If reserved memory is >> allocated memory try setting max_split_size_mb to avoid fragmentation.  See documentation for Memory Management and PYTORCH_CUDA_ALLOC_CONF
wandb: Waiting for W&B process to finish... (failed 1). Press Control-C to abort syncing.
wandb: ERROR Error uploading "config.yaml": CommError, <Response [404]>
wandb: ERROR Error uploading "requirements.txt": CommError, <Response [404]>
wandb: ERROR Error uploading "output.log": CommError, <Response [404]>
wandb: ERROR Error uploading "conda-environment.yaml": CommError, <Response [404]>
wandb: ERROR Error uploading "wandb-summary.json": CommError, <Response [404]>
wandb: 
wandb: Run history:
wandb: diff_loss ▁
wandb:      loss ▁
wandb:  reg_loss ▁
wandb: 
wandb: Run summary:
wandb: diff_loss 1390.27319
wandb:      loss 37356.32422
wandb:  reg_loss 35966.05078
wandb: 
wandb: 🚀 View run res_diff_plus at: https://wandb.ai/ada4321/DiffHPE/runs/7074jv78
wandb: Synced 6 W&B file(s), 0 media file(s), 0 artifact file(s) and 0 other file(s)
wandb: Find logs at: ./wandb/run-20230712_175656-7074jv78/logs
